<?xml version="1.0" encoding="UTF-8"?>
<testsuite xmlns:xsi="http://www.w3.org/2001/XMLSchema-instance" xsi:noNamespaceSchemaLocation="https://maven.apache.org/surefire/maven-surefire-plugin/xsd/surefire-test-report.xsd" name="com.mycompany.app.AppTest" time="0.054" tests="1" errors="0" skipped="0" failures="0">
  <properties>
    <property name="sun.desktop" value="windows"/>
    <property name="awt.toolkit" value="sun.awt.windows.WToolkit"/>
    <property name="file.encoding.pkg" value="sun.io"/>
    <property name="java.specification.version" value="1.8"/>
    <property name="sun.cpu.isalist" value="amd64"/>
    <property name="sun.jnu.encoding" value="Cp1252"/>
    <property name="java.class.path" value="C:\Users\mattc\Desktop\Cloud-Final-Project\my-app\target\test-classes;C:\Users\mattc\Desktop\Cloud-Final-Project\my-app\target\classes;C:\Users\mattc\.m2\repository\junit\junit\4.11\junit-4.11.jar;C:\Users\mattc\.m2\repository\org\hamcrest\hamcrest-core\1.3\hamcrest-core-1.3.jar;C:\Users\mattc\.m2\repository\org\apache\httpcomponents\httpclient\4.5.10\httpclient-4.5.10.jar;C:\Users\mattc\.m2\repository\org\apache\httpcomponents\httpcore\4.4.12\httpcore-4.4.12.jar;C:\Users\mattc\.m2\repository\commons-logging\commons-logging\1.2\commons-logging-1.2.jar;C:\Users\mattc\.m2\repository\commons-codec\commons-codec\1.11\commons-codec-1.11.jar;C:\Users\mattc\.m2\repository\com\squareup\okhttp3\okhttp\4.2.2\okhttp-4.2.2.jar;C:\Users\mattc\.m2\repository\com\squareup\okio\okio\2.2.2\okio-2.2.2.jar;C:\Users\mattc\.m2\repository\org\jetbrains\kotlin\kotlin-stdlib\1.3.50\kotlin-stdlib-1.3.50.jar;C:\Users\mattc\.m2\repository\org\jetbrains\kotlin\kotlin-stdlib-common\1.3.50\kotlin-stdlib-common-1.3.50.jar;C:\Users\mattc\.m2\repository\org\jetbrains\annotations\13.0\annotations-13.0.jar;C:\Users\mattc\.m2\repository\com\google\apis\google-api-services-dataproc\v1-rev20200323-1.30.9\google-api-services-dataproc-v1-rev20200323-1.30.9.jar;C:\Users\mattc\.m2\repository\com\google\api-client\google-api-client\1.30.9\google-api-client-1.30.9.jar;C:\Users\mattc\.m2\repository\com\google\oauth-client\google-oauth-client\1.30.5\google-oauth-client-1.30.5.jar;C:\Users\mattc\.m2\repository\com\google\auth\google-auth-library-oauth2-http\0.20.0\google-auth-library-oauth2-http-0.20.0.jar;C:\Users\mattc\.m2\repository\com\google\auto\value\auto-value-annotations\1.7\auto-value-annotations-1.7.jar;C:\Users\mattc\.m2\repository\com\google\code\findbugs\jsr305\3.0.2\jsr305-3.0.2.jar;C:\Users\mattc\.m2\repository\com\google\auth\google-auth-library-credentials\0.20.0\google-auth-library-credentials-0.20.0.jar;C:\Users\mattc\.m2\repository\com\google\http-client\google-http-client\1.34.0\google-http-client-1.34.0.jar;C:\Users\mattc\.m2\repository\com\google\j2objc\j2objc-annotations\1.3\j2objc-annotations-1.3.jar;C:\Users\mattc\.m2\repository\io\opencensus\opencensus-api\0.24.0\opencensus-api-0.24.0.jar;C:\Users\mattc\.m2\repository\io\grpc\grpc-context\1.22.1\grpc-context-1.22.1.jar;C:\Users\mattc\.m2\repository\io\opencensus\opencensus-contrib-http-util\0.24.0\opencensus-contrib-http-util-0.24.0.jar;C:\Users\mattc\.m2\repository\com\google\http-client\google-http-client-jackson2\1.34.0\google-http-client-jackson2-1.34.0.jar;C:\Users\mattc\.m2\repository\com\fasterxml\jackson\core\jackson-core\2.10.1\jackson-core-2.10.1.jar;C:\Users\mattc\.m2\repository\com\google\guava\guava\28.2-android\guava-28.2-android.jar;C:\Users\mattc\.m2\repository\com\google\guava\failureaccess\1.0.1\failureaccess-1.0.1.jar;C:\Users\mattc\.m2\repository\com\google\guava\listenablefuture\9999.0-empty-to-avoid-conflict-with-guava\listenablefuture-9999.0-empty-to-avoid-conflict-with-guava.jar;C:\Users\mattc\.m2\repository\org\checkerframework\checker-compat-qual\2.5.5\checker-compat-qual-2.5.5.jar;C:\Users\mattc\.m2\repository\com\google\errorprone\error_prone_annotations\2.3.4\error_prone_annotations-2.3.4.jar;C:\Users\mattc\.m2\repository\com\google\cloud\google-cloud-storage\1.17.0\google-cloud-storage-1.17.0.jar;C:\Users\mattc\.m2\repository\com\google\cloud\google-cloud-core\1.17.0\google-cloud-core-1.17.0.jar;C:\Users\mattc\.m2\repository\joda-time\joda-time\2.9.2\joda-time-2.9.2.jar;C:\Users\mattc\.m2\repository\com\google\api\api-common\1.2.0\api-common-1.2.0.jar;C:\Users\mattc\.m2\repository\com\google\api\gax\1.19.0\gax-1.19.0.jar;C:\Users\mattc\.m2\repository\org\threeten\threetenbp\1.3.3\threetenbp-1.3.3.jar;C:\Users\mattc\.m2\repository\com\google\protobuf\protobuf-java-util\3.5.1\protobuf-java-util-3.5.1.jar;C:\Users\mattc\.m2\repository\com\google\protobuf\protobuf-java\3.5.1\protobuf-java-3.5.1.jar;C:\Users\mattc\.m2\repository\com\google\code\gson\gson\2.7\gson-2.7.jar;C:\Users\mattc\.m2\repository\com\google\api\grpc\proto-google-common-protos\1.0.6\proto-google-common-protos-1.0.6.jar;C:\Users\mattc\.m2\repository\com\google\api\grpc\proto-google-iam-v1\0.1.30\proto-google-iam-v1-0.1.30.jar;C:\Users\mattc\.m2\repository\com\google\cloud\google-cloud-core-http\1.17.0\google-cloud-core-http-1.17.0.jar;C:\Users\mattc\.m2\repository\com\google\http-client\google-http-client-appengine\1.23.0\google-http-client-appengine-1.23.0.jar;C:\Users\mattc\.m2\repository\com\google\http-client\google-http-client-jackson\1.23.0\google-http-client-jackson-1.23.0.jar;C:\Users\mattc\.m2\repository\org\codehaus\jackson\jackson-core-asl\1.9.11\jackson-core-asl-1.9.11.jar;C:\Users\mattc\.m2\repository\com\google\api\gax-httpjson\0.36.0\gax-httpjson-0.36.0.jar;C:\Users\mattc\.m2\repository\com\google\apis\google-api-services-storage\v1-rev114-1.23.0\google-api-services-storage-v1-rev114-1.23.0.jar;"/>
    <property name="java.vm.vendor" value="Oracle Corporation"/>
    <property name="sun.arch.data.model" value="64"/>
    <property name="user.variant" value=""/>
    <property name="java.vendor.url" value="http://java.oracle.com/"/>
    <property name="user.timezone" value="America/New_York"/>
    <property name="java.vm.specification.version" value="1.8"/>
    <property name="os.name" value="Windows 10"/>
    <property name="user.country" value="US"/>
    <property name="sun.java.launcher" value="SUN_STANDARD"/>
    <property name="sun.boot.library.path" value="C:\Program Files\Java\jre1.8.0_241\bin"/>
    <property name="sun.java.command" value="C:\Users\mattc\AppData\Local\Temp\surefire7521759007729207352\surefirebooter253251285672895038.jar C:\Users\mattc\AppData\Local\Temp\surefire7521759007729207352 2020-04-12T14-42-07_628-jvmRun1 surefire1996093832293125530tmp surefire_02053458772917729410tmp"/>
    <property name="surefire.test.class.path" value="C:\Users\mattc\Desktop\Cloud-Final-Project\my-app\target\test-classes;C:\Users\mattc\Desktop\Cloud-Final-Project\my-app\target\classes;C:\Users\mattc\.m2\repository\junit\junit\4.11\junit-4.11.jar;C:\Users\mattc\.m2\repository\org\hamcrest\hamcrest-core\1.3\hamcrest-core-1.3.jar;C:\Users\mattc\.m2\repository\org\apache\httpcomponents\httpclient\4.5.10\httpclient-4.5.10.jar;C:\Users\mattc\.m2\repository\org\apache\httpcomponents\httpcore\4.4.12\httpcore-4.4.12.jar;C:\Users\mattc\.m2\repository\commons-logging\commons-logging\1.2\commons-logging-1.2.jar;C:\Users\mattc\.m2\repository\commons-codec\commons-codec\1.11\commons-codec-1.11.jar;C:\Users\mattc\.m2\repository\com\squareup\okhttp3\okhttp\4.2.2\okhttp-4.2.2.jar;C:\Users\mattc\.m2\repository\com\squareup\okio\okio\2.2.2\okio-2.2.2.jar;C:\Users\mattc\.m2\repository\org\jetbrains\kotlin\kotlin-stdlib\1.3.50\kotlin-stdlib-1.3.50.jar;C:\Users\mattc\.m2\repository\org\jetbrains\kotlin\kotlin-stdlib-common\1.3.50\kotlin-stdlib-common-1.3.50.jar;C:\Users\mattc\.m2\repository\org\jetbrains\annotations\13.0\annotations-13.0.jar;C:\Users\mattc\.m2\repository\com\google\apis\google-api-services-dataproc\v1-rev20200323-1.30.9\google-api-services-dataproc-v1-rev20200323-1.30.9.jar;C:\Users\mattc\.m2\repository\com\google\api-client\google-api-client\1.30.9\google-api-client-1.30.9.jar;C:\Users\mattc\.m2\repository\com\google\oauth-client\google-oauth-client\1.30.5\google-oauth-client-1.30.5.jar;C:\Users\mattc\.m2\repository\com\google\auth\google-auth-library-oauth2-http\0.20.0\google-auth-library-oauth2-http-0.20.0.jar;C:\Users\mattc\.m2\repository\com\google\auto\value\auto-value-annotations\1.7\auto-value-annotations-1.7.jar;C:\Users\mattc\.m2\repository\com\google\code\findbugs\jsr305\3.0.2\jsr305-3.0.2.jar;C:\Users\mattc\.m2\repository\com\google\auth\google-auth-library-credentials\0.20.0\google-auth-library-credentials-0.20.0.jar;C:\Users\mattc\.m2\repository\com\google\http-client\google-http-client\1.34.0\google-http-client-1.34.0.jar;C:\Users\mattc\.m2\repository\com\google\j2objc\j2objc-annotations\1.3\j2objc-annotations-1.3.jar;C:\Users\mattc\.m2\repository\io\opencensus\opencensus-api\0.24.0\opencensus-api-0.24.0.jar;C:\Users\mattc\.m2\repository\io\grpc\grpc-context\1.22.1\grpc-context-1.22.1.jar;C:\Users\mattc\.m2\repository\io\opencensus\opencensus-contrib-http-util\0.24.0\opencensus-contrib-http-util-0.24.0.jar;C:\Users\mattc\.m2\repository\com\google\http-client\google-http-client-jackson2\1.34.0\google-http-client-jackson2-1.34.0.jar;C:\Users\mattc\.m2\repository\com\fasterxml\jackson\core\jackson-core\2.10.1\jackson-core-2.10.1.jar;C:\Users\mattc\.m2\repository\com\google\guava\guava\28.2-android\guava-28.2-android.jar;C:\Users\mattc\.m2\repository\com\google\guava\failureaccess\1.0.1\failureaccess-1.0.1.jar;C:\Users\mattc\.m2\repository\com\google\guava\listenablefuture\9999.0-empty-to-avoid-conflict-with-guava\listenablefuture-9999.0-empty-to-avoid-conflict-with-guava.jar;C:\Users\mattc\.m2\repository\org\checkerframework\checker-compat-qual\2.5.5\checker-compat-qual-2.5.5.jar;C:\Users\mattc\.m2\repository\com\google\errorprone\error_prone_annotations\2.3.4\error_prone_annotations-2.3.4.jar;C:\Users\mattc\.m2\repository\com\google\cloud\google-cloud-storage\1.17.0\google-cloud-storage-1.17.0.jar;C:\Users\mattc\.m2\repository\com\google\cloud\google-cloud-core\1.17.0\google-cloud-core-1.17.0.jar;C:\Users\mattc\.m2\repository\joda-time\joda-time\2.9.2\joda-time-2.9.2.jar;C:\Users\mattc\.m2\repository\com\google\api\api-common\1.2.0\api-common-1.2.0.jar;C:\Users\mattc\.m2\repository\com\google\api\gax\1.19.0\gax-1.19.0.jar;C:\Users\mattc\.m2\repository\org\threeten\threetenbp\1.3.3\threetenbp-1.3.3.jar;C:\Users\mattc\.m2\repository\com\google\protobuf\protobuf-java-util\3.5.1\protobuf-java-util-3.5.1.jar;C:\Users\mattc\.m2\repository\com\google\protobuf\protobuf-java\3.5.1\protobuf-java-3.5.1.jar;C:\Users\mattc\.m2\repository\com\google\code\gson\gson\2.7\gson-2.7.jar;C:\Users\mattc\.m2\repository\com\google\api\grpc\proto-google-common-protos\1.0.6\proto-google-common-protos-1.0.6.jar;C:\Users\mattc\.m2\repository\com\google\api\grpc\proto-google-iam-v1\0.1.30\proto-google-iam-v1-0.1.30.jar;C:\Users\mattc\.m2\repository\com\google\cloud\google-cloud-core-http\1.17.0\google-cloud-core-http-1.17.0.jar;C:\Users\mattc\.m2\repository\com\google\http-client\google-http-client-appengine\1.23.0\google-http-client-appengine-1.23.0.jar;C:\Users\mattc\.m2\repository\com\google\http-client\google-http-client-jackson\1.23.0\google-http-client-jackson-1.23.0.jar;C:\Users\mattc\.m2\repository\org\codehaus\jackson\jackson-core-asl\1.9.11\jackson-core-asl-1.9.11.jar;C:\Users\mattc\.m2\repository\com\google\api\gax-httpjson\0.36.0\gax-httpjson-0.36.0.jar;C:\Users\mattc\.m2\repository\com\google\apis\google-api-services-storage\v1-rev114-1.23.0\google-api-services-storage-v1-rev114-1.23.0.jar;"/>
    <property name="sun.cpu.endian" value="little"/>
    <property name="user.home" value="C:\Users\mattc"/>
    <property name="user.language" value="en"/>
    <property name="java.specification.vendor" value="Oracle Corporation"/>
    <property name="java.home" value="C:\Program Files\Java\jre1.8.0_241"/>
    <property name="basedir" value="C:\Users\mattc\Desktop\Cloud-Final-Project\my-app"/>
    <property name="file.separator" value="\"/>
    <property name="line.separator" value="&#10;"/>
    <property name="java.vm.specification.vendor" value="Oracle Corporation"/>
    <property name="java.specification.name" value="Java Platform API Specification"/>
    <property name="java.awt.graphicsenv" value="sun.awt.Win32GraphicsEnvironment"/>
    <property name="surefire.real.class.path" value="C:\Users\mattc\AppData\Local\Temp\surefire7521759007729207352\surefirebooter253251285672895038.jar"/>
    <property name="sun.boot.class.path" value="C:\Program Files\Java\jre1.8.0_241\lib\resources.jar;C:\Program Files\Java\jre1.8.0_241\lib\rt.jar;C:\Program Files\Java\jre1.8.0_241\lib\sunrsasign.jar;C:\Program Files\Java\jre1.8.0_241\lib\jsse.jar;C:\Program Files\Java\jre1.8.0_241\lib\jce.jar;C:\Program Files\Java\jre1.8.0_241\lib\charsets.jar;C:\Program Files\Java\jre1.8.0_241\lib\jfr.jar;C:\Program Files\Java\jre1.8.0_241\classes"/>
    <property name="user.script" value=""/>
    <property name="sun.management.compiler" value="HotSpot 64-Bit Tiered Compilers"/>
    <property name="java.runtime.version" value="1.8.0_241-b07"/>
    <property name="user.name" value="mattc"/>
    <property name="path.separator" value=";"/>
    <property name="os.version" value="10.0"/>
    <property name="java.endorsed.dirs" value="C:\Program Files\Java\jre1.8.0_241\lib\endorsed"/>
    <property name="java.runtime.name" value="Java(TM) SE Runtime Environment"/>
    <property name="file.encoding" value="Cp1252"/>
    <property name="java.vm.name" value="Java HotSpot(TM) 64-Bit Server VM"/>
    <property name="localRepository" value="C:\Users\mattc\.m2\repository"/>
    <property name="java.vendor.url.bug" value="http://bugreport.sun.com/bugreport/"/>
    <property name="java.io.tmpdir" value="C:\Users\mattc\AppData\Local\Temp\"/>
    <property name="java.version" value="1.8.0_241"/>
    <property name="user.dir" value="C:\Users\mattc\Desktop\Cloud-Final-Project\my-app"/>
    <property name="os.arch" value="amd64"/>
    <property name="java.vm.specification.name" value="Java Virtual Machine Specification"/>
    <property name="java.awt.printerjob" value="sun.awt.windows.WPrinterJob"/>
    <property name="sun.os.patch.level" value=""/>
    <property name="java.library.path" value="C:\Program Files\Java\jre1.8.0_241\bin;C:\WINDOWS\Sun\Java\bin;C:\WINDOWS\system32;C:\WINDOWS;C:\Program Files\PHP\v7.0;C:\Program Files (x86)\Common Files\Oracle\Java\javapath;C:\WINDOWS\system32;C:\WINDOWS;C:\WINDOWS\System32\Wbem;C:\WINDOWS\System32\WindowsPowerShell\v1.0\;C:\WINDOWS\System32\OpenSSH\;C:\Program Files\Intel\WiFi\bin\;C:\Program Files\Common Files\Intel\WirelessCommon\;C:\Program Files\Git\cmd;C:\Program Files\Java\jdk1.8.0_241\bin;C:\Program Files\PuTTY\;C:\Program Files\Microsoft\Web Platform Installer\;C:\Users\mattc\AppData\Local\Microsoft\WindowsApps;C:\Users\mattc\AppData\Local\atom\bin;C:\Users\mattc\AppData\Local\Microsoft\WindowsApps;C:\Users\mattc\AppData\Local\Programs\Microsoft VS Code\bin;C:\Program Files\Docker\Docker\resources\bin;C:\ProgramData\DockerDesktop\version-bin;C:\Program Files\Maven\apache-maven-3.6.3\bin;C:\Users\mattc\AppData\Local\Microsoft\WindowsApps;C:\Users\mattc\AppData\Local\atom\bin;C:\Users\mattc\AppData\Local\Microsoft\WindowsApps;;C:\Users\mattc\AppData\Local\Programs\Microsoft VS Code\bin;."/>
    <property name="java.vm.info" value="mixed mode"/>
    <property name="java.vendor" value="Oracle Corporation"/>
    <property name="java.vm.version" value="25.241-b07"/>
    <property name="java.ext.dirs" value="C:\Program Files\Java\jre1.8.0_241\lib\ext;C:\WINDOWS\Sun\Java\lib\ext"/>
    <property name="sun.io.unicode.encoding" value="UnicodeLittle"/>
    <property name="java.class.version" value="52.0"/>
  </properties>
  <testcase name="shouldAnswerWithTrue" classname="com.mycompany.app.AppTest" time="0.002"/>
</testsuite>